<?xml version="1.0" encoding="UTF-8"?>
<coverage generated="1577952767684" clover="3.2.0">
  <project timestamp="1577952767684" name="All files">
    <metrics statements="26" coveredstatements="26" conditionals="4" coveredconditionals="4" methods="10" coveredmethods="10" elements="40" coveredelements="40" complexity="0" loc="26" ncloc="26" packages="2" files="2" classes="2"/>
    <package name="components">
      <metrics statements="6" coveredstatements="6" conditionals="0" coveredconditionals="0" methods="4" coveredmethods="4"/>
      <file name="App.vue" path="/Users/wtlin/Github/vue/hello-world/src/components/App.vue">
        <metrics statements="6" coveredstatements="6" conditionals="0" coveredconditionals="0" methods="4" coveredmethods="4"/>
        <line num="21" count="1" type="stmt"/>
        <line num="22" count="1" type="stmt"/>
        <line num="27" count="5" type="stmt"/>
        <line num="41" count="5" type="stmt"/>
        <line num="42" count="5" type="stmt"/>
        <line num="43" count="5" type="stmt"/>
      </file>
    </package>
    <package name="store.modules">
      <metrics statements="20" coveredstatements="20" conditionals="4" coveredconditionals="4" methods="6" coveredmethods="6"/>
      <file name="projects.js" path="/Users/wtlin/Github/vue/hello-world/src/store/modules/projects.js">
        <metrics statements="20" coveredstatements="20" conditionals="4" coveredconditionals="4" methods="6" coveredmethods="6"/>
        <line num="9" count="2" type="stmt"/>
        <line num="16" count="2" type="stmt"/>
        <line num="18" count="2" type="stmt"/>
        <line num="19" count="2" type="stmt"/>
        <line num="20" count="2" type="cond" truecount="4" falsecount="0"/>
        <line num="21" count="1" type="stmt"/>
        <line num="23" count="1" type="stmt"/>
        <line num="28" count="2" type="stmt"/>
        <line num="30" count="1" type="stmt"/>
        <line num="33" count="1" type="stmt"/>
        <line num="34" count="1" type="stmt"/>
        <line num="35" count="1" type="stmt"/>
        <line num="36" count="1" type="stmt"/>
        <line num="39" count="1" type="stmt"/>
        <line num="40" count="1" type="stmt"/>
        <line num="41" count="1" type="stmt"/>
        <line num="44" count="1" type="stmt"/>
        <line num="45" count="1" type="stmt"/>
        <line num="49" count="2" type="stmt"/>
        <line num="51" count="7" type="stmt"/>
      </file>
    </package>
  </project>
</coverage>
