TN:
SF:/Users/wtlin/Github/vue/hello-world/src/components/App.vue
FN:26,(anonymous_1)
FN:41,(anonymous_2)
FN:42,(anonymous_3)
FN:43,(anonymous_4)
FNF:4
FNH:4
FNDA:5,(anonymous_1)
FNDA:5,(anonymous_2)
FNDA:5,(anonymous_3)
FNDA:5,(anonymous_4)
DA:21,1
DA:22,1
DA:27,5
DA:41,5
DA:42,5
DA:43,5
LF:6
LH:6
BRF:0
BRH:0
end_of_record
TN:
SF:/Users/wtlin/Github/vue/hello-world/src/store/modules/projects.js
FN:17,(anonymous_0)
FN:29,(anonymous_1)
FN:32,(anonymous_2)
FN:38,(anonymous_3)
FN:43,(anonymous_4)
FN:50,(anonymous_5)
FNF:6
FNH:6
FNDA:2,(anonymous_0)
FNDA:1,(anonymous_1)
FNDA:1,(anonymous_2)
FNDA:1,(anonymous_3)
FNDA:1,(anonymous_4)
FNDA:7,(anonymous_5)
DA:9,2
DA:16,2
DA:18,2
DA:19,2
DA:20,2
DA:21,1
DA:23,1
DA:28,2
DA:30,1
DA:33,1
DA:34,1
DA:35,1
DA:36,1
DA:39,1
DA:40,1
DA:41,1
DA:44,1
DA:45,1
DA:49,2
DA:51,7
LF:20
LH:20
BRDA:20,0,0,1
BRDA:20,0,1,1
BRDA:20,1,0,2
BRDA:20,1,1,2
BRF:4
BRH:4
end_of_record
